<?xml version="1.0" encoding="UTF-8"?>
<!-- Generated by org.testng.reporters.JUnitReportReporter -->
<testsuite hostname="DESKTOP-US5V72R" failures="0" tests="1" name="com.automation.pages.BlankFactorRetirementE2ETest" time="35.846" errors="0" timestamp="2025-08-01T19:55:05 EDT" skipped="0">
  <testcase classname="com.automation.pages.BlankFactorRetirementE2ETest" name="testEndToEndRetirementFlow" time="35.846"/>
</testsuite> <!-- com.automation.pages.BlankFactorRetirementE2ETest -->
