<?xml version="1.0" encoding="UTF-8"?>
<!-- Generated by org.testng.reporters.JUnitReportReporter -->
<testsuite hostname="DESKTOP-US5V72R" failures="0" tests="1" name="com.automation.pages.BlankFactorRetirementTest" time="9.593" errors="0" timestamp="2025-08-01T19:52:57 EDT" skipped="0">
  <testcase classname="com.automation.pages.BlankFactorRetirementTest" name="testRetirementTileFlip" time="9.593"/>
</testsuite> <!-- com.automation.pages.BlankFactorRetirementTest -->
